Analysis & Synthesis report for TOP
Fri Jul 19 20:02:26 2024
Quartus Prime Version 20.1.1 Build 720 11/11/2020 SJ Lite Edition


---------------------
; Table of Contents ;
---------------------
  1. Legal Notice
  2. Analysis & Synthesis Summary
  3. Analysis & Synthesis Settings
  4. Parallel Compilation
  5. Analysis & Synthesis Source Files Read
  6. Analysis & Synthesis Resource Usage Summary
  7. Analysis & Synthesis Resource Utilization by Entity
  8. Analysis & Synthesis IP Cores Summary
  9. General Register Statistics
 10. Parameter Settings for User Entity Instance: STSource:st|altera_avalon_st_source_bfm:st_source_bfm_0
 11. Port Connectivity Checks: "STSource:st|altera_avalon_st_source_bfm:st_source_bfm_0"
 12. Port Connectivity Checks: "STSource:st"
 13. Post-Synthesis Netlist Statistics for Top Partition
 14. Elapsed Time Per Partition
 15. Analysis & Synthesis Messages
 16. Analysis & Synthesis Suppressed Messages



----------------
; Legal Notice ;
----------------
Copyright (C) 2020  Intel Corporation. All rights reserved.
Your use of Intel Corporation's design tools, logic functions 
and other software and tools, and any partner logic 
functions, and any output files from any of the foregoing 
(including device programming or simulation files), and any 
associated documentation or information are expressly subject 
to the terms and conditions of the Intel Program License 
Subscription Agreement, the Intel Quartus Prime License Agreement,
the Intel FPGA IP License Agreement, or other applicable license
agreement, including, without limitation, that your use is for
the sole purpose of programming logic devices manufactured by
Intel and sold by Intel or its authorized distributors.  Please
refer to the applicable agreement for further details, at
https://fpgasoftware.intel.com/eula.



+----------------------------------------------------------------------------------+
; Analysis & Synthesis Summary                                                     ;
+------------------------------------+---------------------------------------------+
; Analysis & Synthesis Status        ; Successful - Fri Jul 19 20:02:26 2024       ;
; Quartus Prime Version              ; 20.1.1 Build 720 11/11/2020 SJ Lite Edition ;
; Revision Name                      ; TOP                                         ;
; Top-level Entity Name              ; TOP                                         ;
; Family                             ; MAX 10                                      ;
; Total logic elements               ; 0                                           ;
;     Total combinational functions  ; 0                                           ;
;     Dedicated logic registers      ; 0                                           ;
; Total registers                    ; 0                                           ;
; Total pins                         ; 2                                           ;
; Total virtual pins                 ; 0                                           ;
; Total memory bits                  ; 0                                           ;
; Embedded Multiplier 9-bit elements ; 0                                           ;
; Total PLLs                         ; 0                                           ;
; UFM blocks                         ; 0                                           ;
; ADC blocks                         ; 0                                           ;
+------------------------------------+---------------------------------------------+


+------------------------------------------------------------------------------------------------------------+
; Analysis & Synthesis Settings                                                                              ;
+------------------------------------------------------------------+--------------------+--------------------+
; Option                                                           ; Setting            ; Default Value      ;
+------------------------------------------------------------------+--------------------+--------------------+
; Device                                                           ; 10M08SAE144C8GES   ;                    ;
; Top-level entity name                                            ; TOP                ; TOP                ;
; Family name                                                      ; MAX 10             ; Cyclone V          ;
; Use smart compilation                                            ; Off                ; Off                ;
; Enable parallel Assembler and Timing Analyzer during compilation ; On                 ; On                 ;
; Enable compact report table                                      ; Off                ; Off                ;
; Restructure Multiplexers                                         ; Auto               ; Auto               ;
; Create Debugging Nodes for IP Cores                              ; Off                ; Off                ;
; Preserve fewer node names                                        ; On                 ; On                 ;
; Intel FPGA IP Evaluation Mode                                    ; Enable             ; Enable             ;
; Verilog Version                                                  ; Verilog_2001       ; Verilog_2001       ;
; VHDL Version                                                     ; VHDL_1993          ; VHDL_1993          ;
; State Machine Processing                                         ; Auto               ; Auto               ;
; Safe State Machine                                               ; Off                ; Off                ;
; Extract Verilog State Machines                                   ; On                 ; On                 ;
; Extract VHDL State Machines                                      ; On                 ; On                 ;
; Ignore Verilog initial constructs                                ; Off                ; Off                ;
; Iteration limit for constant Verilog loops                       ; 5000               ; 5000               ;
; Iteration limit for non-constant Verilog loops                   ; 250                ; 250                ;
; Add Pass-Through Logic to Inferred RAMs                          ; On                 ; On                 ;
; Infer RAMs from Raw Logic                                        ; On                 ; On                 ;
; Parallel Synthesis                                               ; On                 ; On                 ;
; DSP Block Balancing                                              ; Auto               ; Auto               ;
; NOT Gate Push-Back                                               ; On                 ; On                 ;
; Power-Up Don't Care                                              ; On                 ; On                 ;
; Remove Redundant Logic Cells                                     ; Off                ; Off                ;
; Remove Duplicate Registers                                       ; On                 ; On                 ;
; Ignore CARRY Buffers                                             ; Off                ; Off                ;
; Ignore CASCADE Buffers                                           ; Off                ; Off                ;
; Ignore GLOBAL Buffers                                            ; Off                ; Off                ;
; Ignore ROW GLOBAL Buffers                                        ; Off                ; Off                ;
; Ignore LCELL Buffers                                             ; Off                ; Off                ;
; Ignore SOFT Buffers                                              ; On                 ; On                 ;
; Limit AHDL Integers to 32 Bits                                   ; Off                ; Off                ;
; Optimization Technique                                           ; Balanced           ; Balanced           ;
; Carry Chain Length                                               ; 70                 ; 70                 ;
; Auto Carry Chains                                                ; On                 ; On                 ;
; Auto Open-Drain Pins                                             ; On                 ; On                 ;
; Perform WYSIWYG Primitive Resynthesis                            ; Off                ; Off                ;
; Auto ROM Replacement                                             ; On                 ; On                 ;
; Auto RAM Replacement                                             ; On                 ; On                 ;
; Auto DSP Block Replacement                                       ; On                 ; On                 ;
; Auto Shift Register Replacement                                  ; Auto               ; Auto               ;
; Allow Shift Register Merging across Hierarchies                  ; Auto               ; Auto               ;
; Auto Clock Enable Replacement                                    ; On                 ; On                 ;
; Strict RAM Replacement                                           ; Off                ; Off                ;
; Allow Synchronous Control Signals                                ; On                 ; On                 ;
; Force Use of Synchronous Clear Signals                           ; Off                ; Off                ;
; Auto RAM Block Balancing                                         ; On                 ; On                 ;
; Auto RAM to Logic Cell Conversion                                ; Off                ; Off                ;
; Auto Resource Sharing                                            ; Off                ; Off                ;
; Allow Any RAM Size For Recognition                               ; Off                ; Off                ;
; Allow Any ROM Size For Recognition                               ; Off                ; Off                ;
; Allow Any Shift Register Size For Recognition                    ; Off                ; Off                ;
; Use LogicLock Constraints during Resource Balancing              ; On                 ; On                 ;
; Ignore translate_off and synthesis_off directives                ; Off                ; Off                ;
; Timing-Driven Synthesis                                          ; On                 ; On                 ;
; Report Parameter Settings                                        ; On                 ; On                 ;
; Report Source Assignments                                        ; On                 ; On                 ;
; Report Connectivity Checks                                       ; On                 ; On                 ;
; Ignore Maximum Fan-Out Assignments                               ; Off                ; Off                ;
; Synchronization Register Chain Length                            ; 2                  ; 2                  ;
; Power Optimization During Synthesis                              ; Normal compilation ; Normal compilation ;
; HDL message level                                                ; Level2             ; Level2             ;
; Suppress Register Optimization Related Messages                  ; Off                ; Off                ;
; Number of Removed Registers Reported in Synthesis Report         ; 5000               ; 5000               ;
; Number of Swept Nodes Reported in Synthesis Report               ; 5000               ; 5000               ;
; Number of Inverted Registers Reported in Synthesis Report        ; 100                ; 100                ;
; Clock MUX Protection                                             ; On                 ; On                 ;
; Auto Gated Clock Conversion                                      ; Off                ; Off                ;
; Block Design Naming                                              ; Auto               ; Auto               ;
; SDC constraint protection                                        ; Off                ; Off                ;
; Synthesis Effort                                                 ; Auto               ; Auto               ;
; Shift Register Replacement - Allow Asynchronous Clear Signal     ; On                 ; On                 ;
; Pre-Mapping Resynthesis Optimization                             ; Off                ; Off                ;
; Analysis & Synthesis Message Level                               ; Medium             ; Medium             ;
; Disable Register Merging Across Hierarchies                      ; Auto               ; Auto               ;
; Resource Aware Inference For Block RAM                           ; On                 ; On                 ;
+------------------------------------------------------------------+--------------------+--------------------+


+------------------------------------------+
; Parallel Compilation                     ;
+----------------------------+-------------+
; Processors                 ; Number      ;
+----------------------------+-------------+
; Number detected on machine ; 8           ;
; Maximum allowed            ; 4           ;
;                            ;             ;
; Average used               ; 1.00        ;
; Maximum used               ; 1           ;
;                            ;             ;
; Usage by Processor         ; % Time Used ;
;     Processor 1            ; 100.0%      ;
+----------------------------+-------------+


+--------------------------------------------------------------------------------------------------------------------------------------------------------------------------------------------------------------------------------------------------------------------+
; Analysis & Synthesis Source Files Read                                                                                                                                                                                                                             ;
+------------------------------------------------------------------+-----------------+------------------------------+-------------------------------------------------------------------------------------------------------------------------------------+----------+
; File Name with User-Entered Path                                 ; Used in Netlist ; File Type                    ; File Name with Absolute Path                                                                                                        ; Library  ;
+------------------------------------------------------------------+-----------------+------------------------------+-------------------------------------------------------------------------------------------------------------------------------------+----------+
; ips/STSource/synthesis/STSource.v                                ; yes             ; User Verilog HDL File        ; /media/jtech/Elecome240GB/1.Archive/Projects/aiFPGAs/Projects/FPGA/ips/STSource/synthesis/STSource.v                                ; STSource ;
; ips/STSource/synthesis/submodules/altera_avalon_st_source_bfm.sv ; yes             ; User SystemVerilog HDL File  ; /media/jtech/Elecome240GB/1.Archive/Projects/aiFPGAs/Projects/FPGA/ips/STSource/synthesis/submodules/altera_avalon_st_source_bfm.sv ; STSource ;
; TOP.v                                                            ; yes             ; Auto-Found Verilog HDL File  ; /media/jtech/Elecome240GB/1.Archive/Projects/aiFPGAs/Projects/FPGA/TOP.v                                                            ;          ;
+------------------------------------------------------------------+-----------------+------------------------------+-------------------------------------------------------------------------------------------------------------------------------------+----------+


+-----------------------------------------------------+
; Analysis & Synthesis Resource Usage Summary         ;
+---------------------------------------------+-------+
; Resource                                    ; Usage ;
+---------------------------------------------+-------+
;                                             ;       ;
; Total combinational functions               ; 0     ;
; Logic element usage by number of LUT inputs ;       ;
;     -- 4 input functions                    ; 0     ;
;     -- 3 input functions                    ; 0     ;
;     -- <=2 input functions                  ; 0     ;
;                                             ;       ;
; Logic elements by mode                      ;       ;
;     -- normal mode                          ; 0     ;
;     -- arithmetic mode                      ; 0     ;
;                                             ;       ;
; Total registers                             ; 0     ;
;     -- Dedicated logic registers            ; 0     ;
;     -- I/O registers                        ; 0     ;
;                                             ;       ;
; I/O pins                                    ; 2     ;
;                                             ;       ;
; Embedded Multiplier 9-bit elements          ; 0     ;
;                                             ;       ;
; Maximum fan-out node                        ; CLOCK ;
; Maximum fan-out                             ; 1     ;
; Total fan-out                               ; 2     ;
; Average fan-out                             ; 0.50  ;
+---------------------------------------------+-------+


+------------------------------------------------------------------------------------------------------------------------------------------------------------------------------------------------------------------------------------+
; Analysis & Synthesis Resource Utilization by Entity                                                                                                                                                                                ;
+----------------------------+---------------------+---------------------------+-------------+------------+--------------+---------+-----------+------+--------------+------------+---------------------+-------------+--------------+
; Compilation Hierarchy Node ; Combinational ALUTs ; Dedicated Logic Registers ; Memory Bits ; UFM Blocks ; DSP Elements ; DSP 9x9 ; DSP 18x18 ; Pins ; Virtual Pins ; ADC blocks ; Full Hierarchy Name ; Entity Name ; Library Name ;
+----------------------------+---------------------+---------------------------+-------------+------------+--------------+---------+-----------+------+--------------+------------+---------------------+-------------+--------------+
; |TOP                       ; 0 (0)               ; 0 (0)                     ; 0           ; 0          ; 0            ; 0       ; 0         ; 2    ; 0            ; 0          ; |TOP                ; TOP         ; work         ;
+----------------------------+---------------------+---------------------------+-------------+------------+--------------+---------+-----------+------+--------------+------------+---------------------+-------------+--------------+
Note: For table entries with two numbers listed, the numbers in parentheses indicate the number of resources of the given type used by the specific entity alone. The numbers listed outside of parentheses indicate the total resources of the given type used by the specific entity and all of its sub-entities in the hierarchy.


+---------------------------------------------------------------------------------------------------------------------+
; Analysis & Synthesis IP Cores Summary                                                                               ;
+--------+-----------------------------+---------+--------------+--------------+------------------+-------------------+
; Vendor ; IP Core Name                ; Version ; Release Date ; License Type ; Entity Instance  ; IP Include File   ;
+--------+-----------------------------+---------+--------------+--------------+------------------+-------------------+
; N/A    ; altera_avalon_st_source_bfm ; 20.1    ; N/A          ; N/A          ; |TOP|STSource:st ; ips/STSource.qsys ;
+--------+-----------------------------+---------+--------------+--------------+------------------+-------------------+


+------------------------------------------------------+
; General Register Statistics                          ;
+----------------------------------------------+-------+
; Statistic                                    ; Value ;
+----------------------------------------------+-------+
; Total registers                              ; 0     ;
; Number of registers using Synchronous Clear  ; 0     ;
; Number of registers using Synchronous Load   ; 0     ;
; Number of registers using Asynchronous Clear ; 0     ;
; Number of registers using Asynchronous Load  ; 0     ;
; Number of registers using Clock Enable       ; 0     ;
; Number of registers using Preset             ; 0     ;
+----------------------------------------------+-------+


+------------------------------------------------------------------------------------------------------+
; Parameter Settings for User Entity Instance: STSource:st|altera_avalon_st_source_bfm:st_source_bfm_0 ;
+------------------+-------+---------------------------------------------------------------------------+
; Parameter Name   ; Value ; Type                                                                      ;
+------------------+-------+---------------------------------------------------------------------------+
; ST_SYMBOL_W      ; 8     ; Signed Integer                                                            ;
; ST_NUMSYMBOLS    ; 4     ; Signed Integer                                                            ;
; ST_CHANNEL_W     ; 1     ; Signed Integer                                                            ;
; ST_ERROR_W       ; 1     ; Signed Integer                                                            ;
; ST_EMPTY_W       ; 2     ; Signed Integer                                                            ;
; ST_READY_LATENCY ; 0     ; Signed Integer                                                            ;
; ST_MAX_CHANNELS  ; 1     ; Signed Integer                                                            ;
; USE_PACKET       ; 0     ; Signed Integer                                                            ;
; USE_CHANNEL      ; 0     ; Signed Integer                                                            ;
; USE_ERROR        ; 0     ; Signed Integer                                                            ;
; USE_READY        ; 1     ; Signed Integer                                                            ;
; USE_VALID        ; 1     ; Signed Integer                                                            ;
; USE_EMPTY        ; 0     ; Signed Integer                                                            ;
; ST_BEATSPERCYCLE ; 1     ; Signed Integer                                                            ;
; VHDL_ID          ; 0     ; Signed Integer                                                            ;
+------------------+-------+---------------------------------------------------------------------------+
Note: In order to hide this table in the UI and the text report file, please set the "Show Parameter Settings in Synthesis Report" option in "Analysis and Synthesis Settings -> More Settings" to "Off".


+-------------------------------------------------------------------------------------+
; Port Connectivity Checks: "STSource:st|altera_avalon_st_source_bfm:st_source_bfm_0" ;
+-------------------+--------+----------+---------------------------------------------+
; Port              ; Type   ; Severity ; Details                                     ;
+-------------------+--------+----------+---------------------------------------------+
; src_startofpacket ; Output ; Info     ; Explicitly unconnected                      ;
; src_endofpacket   ; Output ; Info     ; Explicitly unconnected                      ;
; src_empty         ; Output ; Info     ; Explicitly unconnected                      ;
; src_channel       ; Output ; Info     ; Explicitly unconnected                      ;
; src_error         ; Output ; Info     ; Explicitly unconnected                      ;
+-------------------+--------+----------+---------------------------------------------+


+------------------------------------------------------------------------------------------------------------------------------------------------------------------------------+
; Port Connectivity Checks: "STSource:st"                                                                                                                                      ;
+-----------+--------+----------+----------------------------------------------------------------------------------------------------------------------------------------------+
; Port      ; Type   ; Severity ; Details                                                                                                                                      ;
+-----------+--------+----------+----------------------------------------------------------------------------------------------------------------------------------------------+
; src_data  ; Output ; Warning  ; Declared by entity but not connected by instance. Logic that only feeds a dangling port will be removed.                                     ;
; src_valid ; Output ; Warning  ; Declared by entity but not connected by instance. Logic that only feeds a dangling port will be removed.                                     ;
; src_ready ; Input  ; Warning  ; Declared by entity but not connected by instance. If a default value exists, it will be used.  Otherwise, the port will be connected to GND. ;
+-----------+--------+----------+----------------------------------------------------------------------------------------------------------------------------------------------+


+-----------------------------------------------------+
; Post-Synthesis Netlist Statistics for Top Partition ;
+-------------------+---------------------------------+
; Type              ; Count                           ;
+-------------------+---------------------------------+
; boundary_port     ; 2                               ;
;                   ;                                 ;
; Max LUT depth     ; 0.00                            ;
; Average LUT depth ; 0.00                            ;
+-------------------+---------------------------------+


+-------------------------------+
; Elapsed Time Per Partition    ;
+----------------+--------------+
; Partition Name ; Elapsed Time ;
+----------------+--------------+
; Top            ; 00:00:00     ;
+----------------+--------------+


+-------------------------------+
; Analysis & Synthesis Messages ;
+-------------------------------+
Info: *******************************************************************
Info: Running Quartus Prime Analysis & Synthesis
    Info: Version 20.1.1 Build 720 11/11/2020 SJ Lite Edition
    Info: Processing started: Fri Jul 19 20:02:18 2024
Info: Command: quartus_map --read_settings_files=on --write_settings_files=off TOP -c TOP
Warning (18236): Number of processors has not been specified which may cause overloading on shared machines.  Set the global assignment NUM_PARALLEL_PROCESSORS in your QSF to an appropriate value for best performance.
Info (20030): Parallel compilation is enabled and will use 4 of the 4 processors detected
Info (12021): Found 1 design units, including 1 entities, in source file ips/STSource/synthesis/STSource.v
    Info (12023): Found entity 1: STSource File: /media/jtech/Elecome240GB/1.Archive/Projects/aiFPGAs/Projects/FPGA/ips/STSource/synthesis/STSource.v Line: 6
Info (12021): Found 1 design units, including 0 entities, in source file ips/STSource/synthesis/submodules/verbosity_pkg.sv
    Info (12022): Found design unit 1: verbosity_pkg (SystemVerilog) (STSource) File: /media/jtech/Elecome240GB/1.Archive/Projects/aiFPGAs/Projects/FPGA/ips/STSource/synthesis/submodules/verbosity_pkg.sv Line: 61
Info (12021): Found 1 design units, including 0 entities, in source file ips/STSource/synthesis/submodules/avalon_utilities_pkg.sv
    Info (12022): Found design unit 1: avalon_utilities_pkg (SystemVerilog) (STSource) File: /media/jtech/Elecome240GB/1.Archive/Projects/aiFPGAs/Projects/FPGA/ips/STSource/synthesis/submodules/avalon_utilities_pkg.sv Line: 40
Info (12021): Found 1 design units, including 1 entities, in source file ips/STSource/synthesis/submodules/altera_avalon_st_source_bfm.sv
    Info (12023): Found entity 1: altera_avalon_st_source_bfm File: /media/jtech/Elecome240GB/1.Archive/Projects/aiFPGAs/Projects/FPGA/ips/STSource/synthesis/submodules/altera_avalon_st_source_bfm.sv Line: 35
Info (12021): Found 2 design units, including 2 entities, in source file /media/jtech/Elecome240GB/1.Archive/Projects/aiFPGAs/VerilogHDLSources/NEURON/Sources/neuron.v
    Info (12023): Found entity 1: NeuronCore File: /media/jtech/Elecome240GB/1.Archive/Projects/aiFPGAs/VerilogHDLSources/NEURON/Sources/neuron.v Line: 2
    Info (12023): Found entity 2: Neuron File: /media/jtech/Elecome240GB/1.Archive/Projects/aiFPGAs/VerilogHDLSources/NEURON/Sources/neuron.v Line: 43
Info (12021): Found 5 design units, including 5 entities, in source file /media/jtech/Elecome240GB/1.Archive/Projects/aiFPGAs/VerilogHDLSources/NEURON/Sources/floating.v
    Info (12023): Found entity 1: FLOATING_32BIT_ADD_SUB File: /media/jtech/Elecome240GB/1.Archive/Projects/aiFPGAs/VerilogHDLSources/NEURON/Sources/floating.v Line: 2
    Info (12023): Found entity 2: FLOATING_32BIT_ADD File: /media/jtech/Elecome240GB/1.Archive/Projects/aiFPGAs/VerilogHDLSources/NEURON/Sources/floating.v Line: 110
    Info (12023): Found entity 3: FLOATING_32BIT_SUB File: /media/jtech/Elecome240GB/1.Archive/Projects/aiFPGAs/VerilogHDLSources/NEURON/Sources/floating.v Line: 119
    Info (12023): Found entity 4: FLOATING_32BIT_MUL File: /media/jtech/Elecome240GB/1.Archive/Projects/aiFPGAs/VerilogHDLSources/NEURON/Sources/floating.v Line: 128
    Info (12023): Found entity 5: FLOATING_32BIT_DIV File: /media/jtech/Elecome240GB/1.Archive/Projects/aiFPGAs/VerilogHDLSources/NEURON/Sources/floating.v Line: 203
Info (12021): Found 9 design units, including 9 entities, in source file /media/jtech/Elecome240GB/1.Archive/Projects/aiFPGAs/VerilogHDLSources/NEURON/Sources/matrix.v
    Info (12023): Found entity 1: LATCH_MUL File: /media/jtech/Elecome240GB/1.Archive/Projects/aiFPGAs/VerilogHDLSources/NEURON/Sources/matrix.v Line: 1
    Info (12023): Found entity 2: SWITCH_ADD File: /media/jtech/Elecome240GB/1.Archive/Projects/aiFPGAs/VerilogHDLSources/NEURON/Sources/matrix.v Line: 26
    Info (12023): Found entity 3: MatrixMulSingleCore File: /media/jtech/Elecome240GB/1.Archive/Projects/aiFPGAs/VerilogHDLSources/NEURON/Sources/matrix.v Line: 61
    Info (12023): Found entity 4: MatrixMul2Cores File: /media/jtech/Elecome240GB/1.Archive/Projects/aiFPGAs/VerilogHDLSources/NEURON/Sources/matrix.v Line: 96
    Info (12023): Found entity 5: MatrixMul4Cores File: /media/jtech/Elecome240GB/1.Archive/Projects/aiFPGAs/VerilogHDLSources/NEURON/Sources/matrix.v Line: 134
    Info (12023): Found entity 6: MatrixMul8Cores File: /media/jtech/Elecome240GB/1.Archive/Projects/aiFPGAs/VerilogHDLSources/NEURON/Sources/matrix.v Line: 173
    Info (12023): Found entity 7: MatrixMul16Cores File: /media/jtech/Elecome240GB/1.Archive/Projects/aiFPGAs/VerilogHDLSources/NEURON/Sources/matrix.v Line: 200
    Info (12023): Found entity 8: MatrixMul32Cores File: /media/jtech/Elecome240GB/1.Archive/Projects/aiFPGAs/VerilogHDLSources/NEURON/Sources/matrix.v Line: 227
    Info (12023): Found entity 9: MatrixMulManyCores File: /media/jtech/Elecome240GB/1.Archive/Projects/aiFPGAs/VerilogHDLSources/NEURON/Sources/matrix.v Line: 254
Warning (12125): Using design file TOP.v, which is not specified as a design file for the current project, but contains definitions for 1 design units and 1 entities in project
    Info (12023): Found entity 1: TOP File: /media/jtech/Elecome240GB/1.Archive/Projects/aiFPGAs/Projects/FPGA/TOP.v Line: 2
Info (12127): Elaborating entity "TOP" for the top level hierarchy
Info (12128): Elaborating entity "STSource" for hierarchy "STSource:st" File: /media/jtech/Elecome240GB/1.Archive/Projects/aiFPGAs/Projects/FPGA/TOP.v Line: 21
Info (12128): Elaborating entity "altera_avalon_st_source_bfm" for hierarchy "STSource:st|altera_avalon_st_source_bfm:st_source_bfm_0" File: /media/jtech/Elecome240GB/1.Archive/Projects/aiFPGAs/Projects/FPGA/ips/STSource/synthesis/STSource.v Line: 41
Warning (10034): Output port "src_data" at altera_avalon_st_source_bfm.sv(81) has no driver File: /media/jtech/Elecome240GB/1.Archive/Projects/aiFPGAs/Projects/FPGA/ips/STSource/synthesis/submodules/altera_avalon_st_source_bfm.sv Line: 81
Warning (10034): Output port "src_channel[0]" at altera_avalon_st_source_bfm.sv(82) has no driver File: /media/jtech/Elecome240GB/1.Archive/Projects/aiFPGAs/Projects/FPGA/ips/STSource/synthesis/submodules/altera_avalon_st_source_bfm.sv Line: 82
Warning (10034): Output port "src_valid[0]" at altera_avalon_st_source_bfm.sv(83) has no driver File: /media/jtech/Elecome240GB/1.Archive/Projects/aiFPGAs/Projects/FPGA/ips/STSource/synthesis/submodules/altera_avalon_st_source_bfm.sv Line: 83
Warning (10034): Output port "src_startofpacket[0]" at altera_avalon_st_source_bfm.sv(84) has no driver File: /media/jtech/Elecome240GB/1.Archive/Projects/aiFPGAs/Projects/FPGA/ips/STSource/synthesis/submodules/altera_avalon_st_source_bfm.sv Line: 84
Warning (10034): Output port "src_endofpacket[0]" at altera_avalon_st_source_bfm.sv(85) has no driver File: /media/jtech/Elecome240GB/1.Archive/Projects/aiFPGAs/Projects/FPGA/ips/STSource/synthesis/submodules/altera_avalon_st_source_bfm.sv Line: 85
Warning (10034): Output port "src_error[0]" at altera_avalon_st_source_bfm.sv(86) has no driver File: /media/jtech/Elecome240GB/1.Archive/Projects/aiFPGAs/Projects/FPGA/ips/STSource/synthesis/submodules/altera_avalon_st_source_bfm.sv Line: 86
Warning (10034): Output port "src_empty" at altera_avalon_st_source_bfm.sv(87) has no driver File: /media/jtech/Elecome240GB/1.Archive/Projects/aiFPGAs/Projects/FPGA/ips/STSource/synthesis/submodules/altera_avalon_st_source_bfm.sv Line: 87
Warning (12158): Entity "altera_avalon_st_source_bfm" contains only dangling pins File: /media/jtech/Elecome240GB/1.Archive/Projects/aiFPGAs/Projects/FPGA/ips/STSource/synthesis/STSource.v Line: 41
Warning (12241): 1 hierarchies have connectivity warnings - see the Connectivity Checks report folder
Info (144001): Generated suppressed messages file /media/jtech/Elecome240GB/1.Archive/Projects/aiFPGAs/Projects/FPGA/output_files/TOP.map.smsg
Info (16010): Generating hard_block partition "hard_block:auto_generated_inst"
    Info (16011): Adding 0 node(s), including 0 DDIO, 0 PLL, 0 transceiver and 0 LCELL
Warning (21074): Design contains 2 input pin(s) that do not drive logic
    Warning (15610): No output dependent on input pin "CLOCK" File: /media/jtech/Elecome240GB/1.Archive/Projects/aiFPGAs/Projects/FPGA/TOP.v Line: 3
    Warning (15610): No output dependent on input pin "NRESET" File: /media/jtech/Elecome240GB/1.Archive/Projects/aiFPGAs/Projects/FPGA/TOP.v Line: 5
Info (21057): Implemented 2 device resources after synthesis - the final resource count might be different
    Info (21058): Implemented 2 input pins
    Info (21059): Implemented 0 output pins
Info: Quartus Prime Analysis & Synthesis was successful. 0 errors, 14 warnings
    Info: Peak virtual memory: 370 megabytes
    Info: Processing ended: Fri Jul 19 20:02:26 2024
    Info: Elapsed time: 00:00:08
    Info: Total CPU time (on all processors): 00:00:21


+------------------------------------------+
; Analysis & Synthesis Suppressed Messages ;
+------------------------------------------+
The suppressed messages can be found in /media/jtech/Elecome240GB/1.Archive/Projects/aiFPGAs/Projects/FPGA/output_files/TOP.map.smsg.


